0 info it worked if it ends with ok
1 verbose cli [ '/opt/local/bin/node',
1 verbose cli   '/opt/local/bin/npm',
1 verbose cli   'start',
1 verbose cli   'volumes' ]
2 info using npm@2.14.19
3 info using node@v4.3.1
4 verbose run-script [ 'prestart', 'start', 'poststart' ]
5 info prestart comics@1.0.0
6 info start comics@1.0.0
7 verbose unsafe-perm in lifecycle true
8 info comics@1.0.0 Failed to exec start script
9 verbose stack Error: comics@1.0.0 start: `node index.js "volumes"`
9 verbose stack Exit status 1
9 verbose stack     at EventEmitter.<anonymous> (/opt/local/lib/node_modules/npm/lib/utils/lifecycle.js:214:16)
9 verbose stack     at emitTwo (events.js:87:13)
9 verbose stack     at EventEmitter.emit (events.js:172:7)
9 verbose stack     at ChildProcess.<anonymous> (/opt/local/lib/node_modules/npm/lib/utils/spawn.js:24:14)
9 verbose stack     at emitTwo (events.js:87:13)
9 verbose stack     at ChildProcess.emit (events.js:172:7)
9 verbose stack     at maybeClose (internal/child_process.js:821:16)
9 verbose stack     at Process.ChildProcess._handle.onexit (internal/child_process.js:211:5)
10 verbose pkgid comics@1.0.0
11 verbose cwd /Users/jeremy/Developments/NodeJS/comics
12 error Darwin 15.3.0
13 error argv "/opt/local/bin/node" "/opt/local/bin/npm" "start" "volumes"
14 error node v4.3.1
15 error npm  v2.14.19
16 error code ELIFECYCLE
17 error comics@1.0.0 start: `node index.js "volumes"`
17 error Exit status 1
18 error Failed at the comics@1.0.0 start script 'node index.js "volumes"'.
18 error This is most likely a problem with the comics package,
18 error not with npm itself.
18 error Tell the author that this fails on your system:
18 error     node index.js "volumes"
18 error You can get information on how to open an issue for this project with:
18 error     npm bugs comics
18 error Or if that isn't available, you can get their info via:
18 error
18 error     npm owner ls comics
18 error There is likely additional logging output above.
19 verbose exit [ 1, true ]
